<?xml version="1.0" encoding="UTF-8"?>
<!-- Generated by org.testng.reporters.JUnitXMLReporter -->
<testsuite hostname="mindc1d150" ignored="0" name="Default test" tests="10" failures="0" timestamp="07 Jun 2022 08:59:17 GMT" time="117.575" errors="0">
  <testcase name="loginTest" time="19.804" classname="com.mindtree.testCases.TestCases"/>
  <testcase name="StudyTest" time="11.87" classname="com.mindtree.testCases.TestCases"/>
  <testcase name="SofaTest" time="7.008" classname="com.mindtree.testCases.TestCases"/>
  <testcase name="AbouTest" time="8.92" classname="com.mindtree.testCases.TestCases"/>
  <testcase name="BedTest" time="11.238" classname="com.mindtree.testCases.TestCases"/>
  <testcase name="TopdealTest" time="13.498" classname="com.mindtree.testCases.TestCases"/>
  <testcase name="DinningTest" time="9.835" classname="com.mindtree.testCases.TestCases"/>
  <testcase name="SearchTest" time="6.25" classname="com.mindtree.testCases.TestCases"/>
  <testcase name="orderTest" time="12.665" classname="com.mindtree.testCases.TestCases"/>
  <testcase name="WishlistTest" time="6.668" classname="com.mindtree.testCases.TestCases"/>
</testsuite> <!-- Default test -->
