<?xml version="1.0" encoding="UTF-8"?>
<!-- Generated by org.testng.reporters.JUnitXMLReporter -->
<testsuite hostname="mindc1d150" ignored="1" name="Default test" tests="10" failures="0" timestamp="04 Jun 2022 09:46:55 GMT" time="118.779" errors="0">
  <testcase name="loginTest" time="20.175" classname="com.mindtree.testCases.TestCases"/>
  <testcase name="StudyTest" time="12.082" classname="com.mindtree.testCases.TestCases"/>
  <testcase name="SofaTest" time="6.835" classname="com.mindtree.testCases.TestCases"/>
  <testcase name="AbouTest" time="9.449" classname="com.mindtree.testCases.TestCases"/>
  <testcase name="BedTest" time="11.327" classname="com.mindtree.testCases.TestCases"/>
  <testcase name="TopdealTest" time="12.391" classname="com.mindtree.testCases.TestCases"/>
  <testcase name="DinningTest" time="9.13" classname="com.mindtree.testCases.TestCases"/>
  <testcase name="SearchTest" time="6.683" classname="com.mindtree.testCases.TestCases"/>
  <testcase name="orderTest" time="14.056" classname="com.mindtree.testCases.TestCases"/>
  <testcase name="WishlistTest" time="6.319" classname="com.mindtree.testCases.TestCases"/>
  <testcase name="@AfterSuite tearDown" time="0.0" classname="com.mindtree.testCases.BaseClass">
    <ignored/>
  </testcase> <!-- @AfterSuite tearDown -->
</testsuite> <!-- Default test -->
