<?xml version="1.0" encoding="UTF-8"?>
<testng-results skipped="0" failed="0" ignored="0" total="10" passed="10">
  <reporter-output>
  </reporter-output>
  <suite name="Default suite" duration-ms="117575" started-at="2022-06-07T08:57:19Z" finished-at="2022-06-07T08:59:17Z">
    <groups>
    </groups>
    <test name="Default test" duration-ms="117575" started-at="2022-06-07T08:57:19Z" finished-at="2022-06-07T08:59:17Z">
      <class name="com.mindtree.testCases.TestCases">
        <test-method status="PASS" signature="setup()[pri:0, instance:com.mindtree.testCases.TestCases@48aaecc3]" name="setup" is-config="true" duration-ms="9683" started-at="2022-06-07T08:57:19Z" finished-at="2022-06-07T08:57:29Z">
          <reporter-output>
          </reporter-output>
        </test-method> <!-- setup -->
        <test-method status="PASS" signature="loginTest()[pri:1, instance:com.mindtree.testCases.TestCases@48aaecc3]" name="loginTest" duration-ms="19804" started-at="2022-06-07T08:57:29Z" finished-at="2022-06-07T08:57:49Z">
          <reporter-output>
          </reporter-output>
        </test-method> <!-- loginTest -->
        <test-method status="PASS" signature="StudyTest()[pri:2, instance:com.mindtree.testCases.TestCases@48aaecc3]" name="StudyTest" duration-ms="11870" started-at="2022-06-07T08:57:49Z" finished-at="2022-06-07T08:58:01Z">
          <reporter-output>
          </reporter-output>
        </test-method> <!-- StudyTest -->
        <test-method status="PASS" signature="SofaTest()[pri:3, instance:com.mindtree.testCases.TestCases@48aaecc3]" name="SofaTest" duration-ms="7008" started-at="2022-06-07T08:58:01Z" finished-at="2022-06-07T08:58:08Z">
          <reporter-output>
          </reporter-output>
        </test-method> <!-- SofaTest -->
        <test-method status="PASS" signature="AbouTest()[pri:4, instance:com.mindtree.testCases.TestCases@48aaecc3]" name="AbouTest" duration-ms="8920" started-at="2022-06-07T08:58:08Z" finished-at="2022-06-07T08:58:17Z">
          <reporter-output>
          </reporter-output>
        </test-method> <!-- AbouTest -->
        <test-method status="PASS" signature="BedTest()[pri:5, instance:com.mindtree.testCases.TestCases@48aaecc3]" name="BedTest" duration-ms="11238" started-at="2022-06-07T08:58:17Z" finished-at="2022-06-07T08:58:28Z">
          <reporter-output>
          </reporter-output>
        </test-method> <!-- BedTest -->
        <test-method status="PASS" signature="TopdealTest()[pri:6, instance:com.mindtree.testCases.TestCases@48aaecc3]" name="TopdealTest" duration-ms="13498" started-at="2022-06-07T08:58:28Z" finished-at="2022-06-07T08:58:42Z">
          <reporter-output>
          </reporter-output>
        </test-method> <!-- TopdealTest -->
        <test-method status="PASS" signature="DinningTest()[pri:7, instance:com.mindtree.testCases.TestCases@48aaecc3]" name="DinningTest" duration-ms="9835" started-at="2022-06-07T08:58:42Z" finished-at="2022-06-07T08:58:51Z">
          <reporter-output>
          </reporter-output>
        </test-method> <!-- DinningTest -->
        <test-method status="PASS" signature="SearchTest()[pri:8, instance:com.mindtree.testCases.TestCases@48aaecc3]" name="SearchTest" duration-ms="6250" started-at="2022-06-07T08:58:51Z" finished-at="2022-06-07T08:58:58Z">
          <reporter-output>
          </reporter-output>
        </test-method> <!-- SearchTest -->
        <test-method status="PASS" signature="orderTest()[pri:9, instance:com.mindtree.testCases.TestCases@48aaecc3]" name="orderTest" duration-ms="12665" started-at="2022-06-07T08:58:58Z" finished-at="2022-06-07T08:59:10Z">
          <reporter-output>
          </reporter-output>
        </test-method> <!-- orderTest -->
        <test-method status="PASS" signature="WishlistTest()[pri:10, instance:com.mindtree.testCases.TestCases@48aaecc3]" name="WishlistTest" duration-ms="6668" started-at="2022-06-07T08:59:10Z" finished-at="2022-06-07T08:59:17Z">
          <reporter-output>
          </reporter-output>
        </test-method> <!-- WishlistTest -->
        <test-method status="PASS" signature="tearDown()[pri:0, instance:com.mindtree.testCases.TestCases@48aaecc3]" name="tearDown" is-config="true" duration-ms="915" started-at="2022-06-07T08:59:17Z" finished-at="2022-06-07T08:59:18Z">
          <reporter-output>
          </reporter-output>
        </test-method> <!-- tearDown -->
      </class> <!-- com.mindtree.testCases.TestCases -->
    </test> <!-- Default test -->
  </suite> <!-- Default suite -->
</testng-results>
